#
# A fatal error has been detected by the Java Runtime Environment:
#
#  SIGSEGV (0xb) at pc=0x00007fb3490698ba, pid=3768, tid=0x00007fb3424c7640
#
# JRE version: Java(TM) SE Runtime Environment (8.0_191-b12) (build 1.8.0_191-b12)
# Java VM: Java HotSpot(TM) 64-Bit Server VM (25.191-b12 mixed mode linux-amd64 compressed oops)
# Problematic frame:
# v  ~BufferBlob::jni_fast_GetLongField
#
# Failed to write core dump. Core dumps have been disabled. To enable core dumping, try "ulimit -c unlimited" before starting Java again
#
# If you would like to submit a bug report, please visit:
#   http://bugreport.java.com/bugreport/crash.jsp
# The crash happened outside the Java Virtual Machine in native code.
# See problematic frame for where to report the bug.
#

---------------  T H R E A D  ---------------

Current thread (0x00007fb358669000):  JavaThread "AWT-XAWT" daemon [_thread_in_native, id=3787, stack(0x00007fb3423c7000,0x00007fb3424c8000)]

siginfo: si_signo: 11 (SIGSEGV), si_code: 1 (SEGV_MAPERR), si_addr: 0x0000000000000000

Registers:
RAX=0x00007fb3685953c0, RBX=0x00007fb3586691f8, RCX=0x0000000000000001, RDX=0x0000000000000042
RSP=0x00007fb3424c6778, RBP=0x00007fb3424c67a0, RSI=0x0000000000000000, RDI=0x00007fb3586691f8
R8 =0x00007fb358669000, R9 =0x0000000000000000, R10=0x000000000000068a, R11=0x00007fb36718dcb0
R12=0x0000000000000000, R13=0x0000000000000000, R14=0x00007fb342cf9b00, R15=0x00007fb358669000
RIP=0x00007fb3490698ba, EFLAGS=0x0000000000010246, CSGSFS=0x002b000000000033, ERR=0x0000000000000004
  TRAPNO=0x000000000000000e

Top of Stack: (sp=0x00007fb3424c6778)
0x00007fb3424c6778:   00007fb342ad7b84 00007fb348d4dea0
0x00007fb3424c6788:   0000000000000000 00007fb3424c6850
0x00007fb3424c6798:   00007fb3424c6820 00007fb2d8008f90
0x00007fb3424c67a8:   00007fb36718dcf3 00007fb348d4dea0
0x00007fb3424c67b8:   00007fb3424c67e0 0000000000000000
0x00007fb3424c67c8:   00007fb3671853a3 00007fb3424c6850
0x00007fb3424c67d8:   00007fb342acffef 00007fb3424c6830
0x00007fb3424c67e8:   00007fb349912b36 00007fb3424c6858
0x00007fb3424c67f8:   00007fb3498b3476 0000000718e01b38
0x00007fb3424c6808:   00007fb3494427d4 0000000718e01b38
0x00007fb3424c6818:   00007fb3040032e0 000000071912e788
0x00007fb3424c6828:   0000000000000019 00007fb3424c68b0
0x00007fb3424c6838:   00007fb349007a90 00007fb3424c68b0
0x00007fb3424c6848:   00007fb349007a90 0000000000000000
0x00007fb3424c6858:   00007fb349007dd0 00007fb3040032e0
0x00007fb3424c6868:   0000000718e01b38 00007fb3424c6870
0x00007fb3424c6878:   00007fb348d1b554 00007fb3424c68f8
0x00007fb3424c6888:   00007fb348d334c0 0000000000000000
0x00007fb3424c6898:   00007fb348d1b690 00007fb3424c6850
0x00007fb3424c68a8:   00007fb3424c68f0 00007fb3424c6940
0x00007fb3424c68b8:   00007fb3490082bd 0000000000000000
0x00007fb3424c68c8:   00000007940a6c30 0000000000000000
0x00007fb3424c68d8:   0000000000000000 0000000000000000
0x00007fb3424c68e8:   0000000718e01b38 0000000000000000
0x00007fb3424c68f8:   0000000718c6aff0 00007fb3424c6900
0x00007fb3424c6908:   00007fb348d1b395 00007fb3424c6950
0x00007fb3424c6918:   00007fb348d334c0 0000000000000000
0x00007fb3424c6928:   00007fb348d1b3a0 00007fb3424c68f0
0x00007fb3424c6938:   00007fb3424c6950 00007fb3424c6998
0x00007fb3424c6948:   00007fb349008302 0000000718c6aff0
0x00007fb3424c6958:   00007fb3424c6958 00007fb34882e6cb
0x00007fb3424c6968:   00007fb3424c69a8 00007fb3488b63e8 

Instructions: (pc=0x00007fb3490698ba)
0x00007fb34906989a:   00 00 00 00 00 00 44 8b 15 55 b6 56 1f 4c 8b ce
0x00007fb3490698aa:   41 f6 c2 01 0f 85 2e 00 00 00 4d 33 ca 4d 33 ca
0x00007fb3490698ba:   4d 8b 09 4c 8b da 49 c1 eb 02 4b 8b 04 19 49 bb
0x00007fb3490698ca:   fc 4e 5d 68 b3 7f 00 00 4c 33 d8 4c 33 d8 45 3b 

Register to memory mapping:

RAX=0x00007fb3685953c0: <offset 0xf883c0> in /home/tequinox/Descargas/arduino-nightly/java/lib/amd64/server/libjvm.so at 0x00007fb36760d000
RBX=0x00007fb3586691f8 is an unknown value
RCX=0x0000000000000001 is an unknown value
RDX=0x0000000000000042 is an unknown value
RSP=0x00007fb3424c6778 is pointing into the stack for thread: 0x00007fb358669000
RBP=0x00007fb3424c67a0 is pointing into the stack for thread: 0x00007fb358669000
RSI=0x0000000000000000 is an unknown value
RDI=0x00007fb3586691f8 is an unknown value
R8 =0x00007fb358669000 is a thread
R9 =0x0000000000000000 is an unknown value
R10=0x000000000000068a is an unknown value
R11=0x00007fb36718dcb0: _XimServerDestroy+0 in /lib/x86_64-linux-gnu/libX11.so.6 at 0x00007fb367123000
R12=0x0000000000000000 is an unknown value
R13=0x0000000000000000 is an unknown value
R14=0x00007fb342cf9b00: <offset 0x256b00> in /home/tequinox/Descargas/arduino-nightly/java/lib/amd64/libawt_xawt.so at 0x00007fb342aa3000
R15=0x00007fb358669000 is a thread


Stack: [0x00007fb3423c7000,0x00007fb3424c8000],  sp=0x00007fb3424c6778,  free space=1021k
Native frames: (J=compiled Java code, j=interpreted, Vv=VM code, C=native code)
v  ~BufferBlob::jni_fast_GetLongField
C  [libX11.so.6+0x6acf3]  _XimServerDestroy+0x43

Java frames: (J=compiled Java code, j=interpreted, Vv=VM code)
J 4137  sun.awt.X11.XlibWrapper.XFilterEvent(JJ)Z (0 bytes) @ 0x00007fb349912ac4 [0x00007fb349912a80+0x44]
j  sun.awt.X11.XToolkit.run(Z)V+300
j  sun.awt.X11.XToolkit.run()V+5
j  java.lang.Thread.run()V+11
v  ~StubRoutines::call_stub

---------------  P R O C E S S  ---------------

Java Threads: ( => current thread )
  0x00007fb2d8078800 JavaThread "Thread-32" [_thread_in_native, id=4652, stack(0x00007fb2fc8fa000,0x00007fb2fc9fb000)]
  0x00007fb35800d000 JavaThread "DestroyJavaVM" [_thread_blocked, id=3770, stack(0x00007fb366199000,0x00007fb366299000)]
  0x00007fb3590a2000 JavaThread "TimerQueue" daemon [_thread_blocked, id=3823, stack(0x00007fb2c423f000,0x00007fb2c4340000)]
  0x00007fb358ffa000 JavaThread "AWT-EventQueue-0" [_thread_blocked, id=3819, stack(0x00007fb2c7275000,0x00007fb2c7376000)]
  0x00007fb358ff9000 JavaThread "AWT-Shutdown" [_thread_blocked, id=3818, stack(0x00007fb2c7376000,0x00007fb2c7477000)]
  0x00007fb35890a800 JavaThread "Batik CleanerThread" daemon [_thread_blocked, id=3816, stack(0x00007fb2c7eff000,0x00007fb2c8000000)]
  0x00007fb2ec05b800 JavaThread "JmDNS(192-168-1-134.local.).State.Timer" [_thread_blocked, id=3813, stack(0x00007fb2fc2f4000,0x00007fb2fc3f5000)]
  0x00007fb2ec059800 JavaThread "JmDNS(192-168-1-134.local.).Timer" daemon [_thread_blocked, id=3812, stack(0x00007fb2fc3f5000,0x00007fb2fc4f6000)]
  0x00007fb2ec058000 JavaThread "SocketListener(192-168-1-134.local.)" daemon [_thread_in_native, id=3811, stack(0x00007fb2fc4f6000,0x00007fb2fc5f7000)]
  0x00007fb2ec056000 JavaThread "JmDNS(fe80-0-0-0-97c0-cc04-f94d-309c-wlan0.local.).State.Timer" [_thread_blocked, id=3810, stack(0x00007fb2fc5f7000,0x00007fb2fc6f8000)]
  